build/app/intermediates/manifest_merge_blame_file/debug/manifest-merger-blame-debug-report.txt
1<?xml version="1.0" encoding="utf-8"?>
2<manifest xmlns:android="http://schemas.android.com/apk/res/android"
3    package="com.example.email_password_login"
4    android:versionCode="1"
5    android:versionName="1.0.0" >
6
7    <uses-sdk
8        android:minSdkVersion="21"
9        android:targetSdkVersion="31" />
10    <!--
11         Flutter needs it to communicate with the running application
12         to allow setting breakpoints, to provide hot reload, etc.
13    -->
14    <uses-permission android:name="android.permission.INTERNET" />
14-->src\debug\AndroidManifest.xml:6:5-66
14-->src\debug\AndroidManifest.xml:6:22-64
15    <uses-permission android:name="android.permission.CAMERA" />
15-->src\main\AndroidManifest.xml:3:5-64
15-->src\main\AndroidManifest.xml:3:22-62
16    <uses-permission android:name="android.permission.WRITE_EXTERNAL_STORAGE" />
16-->src\main\AndroidManifest.xml:4:5-80
16-->src\main\AndroidManifest.xml:4:22-78
17    <uses-permission android:name="android.permission.READ_EXTERNAL_STORAGE" />
17-->src\main\AndroidManifest.xml:5:5-79
17-->src\main\AndroidManifest.xml:5:22-77
18    <uses-permission android:name="android.permission.VIBRATE" />
18-->[:qrscan] AndroidManifest.xml:8:5-66
18-->[:qrscan] AndroidManifest.xml:8:22-63
19    <uses-permission android:name="android.permission.FLASHLIGHT" />
19-->[:qrscan] AndroidManifest.xml:9:5-69
19-->[:qrscan] AndroidManifest.xml:9:22-66
20
21    <uses-feature android:name="android.hardware.camera" />
21-->[:qrscan] AndroidManifest.xml:11:5-60
21-->[:qrscan] AndroidManifest.xml:11:19-57
22    <uses-feature android:name="android.hardware.camera.autofocus" />
22-->[:qrscan] AndroidManifest.xml:12:5-70
22-->[:qrscan] AndroidManifest.xml:12:19-67
23
24    <uses-permission android:name="android.permission.WAKE_LOCK" />
24-->[:qrscan] AndroidManifest.xml:14:5-68
24-->[:qrscan] AndroidManifest.xml:14:22-65
25    <uses-permission android:name="android.permission.ACCESS_NETWORK_STATE" />
25-->[com.google.firebase:firebase-auth:21.0.1] AndroidManifest.xml:24:5-79
25-->[com.google.firebase:firebase-auth:21.0.1] AndroidManifest.xml:24:22-76
26    <uses-permission android:name="com.google.android.finsky.permission.BIND_GET_INSTALL_REFERRER_SERVICE" /> <!-- Include required permissions for Advertising Id -->
26-->[com.google.android.gms:play-services-measurement:20.1.0] AndroidManifest.xml:26:5-110
26-->[com.google.android.gms:play-services-measurement:20.1.0] AndroidManifest.xml:26:22-107
27    <uses-permission android:name="com.google.android.gms.permission.AD_ID" />
27-->[com.google.android.gms:play-services-ads-identifier:18.0.0] AndroidManifest.xml:23:5-79
27-->[com.google.android.gms:play-services-ads-identifier:18.0.0] AndroidManifest.xml:23:22-76
28
29    <application
29-->src\main\AndroidManifest.xml:7:4-44:19
30        android:allowBackup="true"
30-->[:qrscan] AndroidManifest.xml:20:9-35
31        android:appComponentFactory="androidx.core.app.CoreComponentFactory"
31-->[androidx.core:core:1.6.0] AndroidManifest.xml:24:18-86
32        android:configChanges="orientation|keyboardHidden"
32-->[:qrscan] AndroidManifest.xml:21:9-59
33        android:debuggable="true"
34        android:icon="@mipmap/ic_launcher"
34-->src\main\AndroidManifest.xml:9:9-43
35        android:label="email_password_login"
35-->src\main\AndroidManifest.xml:8:9-45
36        android:screenOrientation="portrait"
36-->[:qrscan] AndroidManifest.xml:23:9-45
37        android:supportsRtl="true"
37-->[:qrscan] AndroidManifest.xml:24:9-35
38        android:theme="@style/Theme.AppCompat.NoActionBar"
38-->[:qrscan] AndroidManifest.xml:25:9-59
39        android:windowSoftInputMode="stateAlwaysHidden" >
39-->[:qrscan] AndroidManifest.xml:26:9-56
40        <activity
40-->src\main\AndroidManifest.xml:10:9-38:20
41            android:name="com.example.email_password_login.MainActivity"
41-->src\main\AndroidManifest.xml:11:13-41
42            android:configChanges="orientation|keyboardHidden|keyboard|screenSize|smallestScreenSize|locale|layoutDirection|fontScale|screenLayout|density|uiMode"
42-->src\main\AndroidManifest.xml:14:13-163
43            android:hardwareAccelerated="true"
43-->src\main\AndroidManifest.xml:15:13-47
44            android:launchMode="singleTop"
44-->src\main\AndroidManifest.xml:12:13-43
45            android:theme="@style/LaunchTheme"
45-->src\main\AndroidManifest.xml:13:13-47
46            android:windowSoftInputMode="adjustResize" >
46-->src\main\AndroidManifest.xml:16:13-55
47
48            <!--
49                 Specifies an Android theme to apply to this Activity as soon as
50                 the Android process has started. This theme is visible to the user
51                 while the Flutter UI initializes. After that, this theme continues
52                 to determine the Window background behind the Flutter UI.
53            -->
54            <meta-data
54-->src\main\AndroidManifest.xml:21:13-24:17
55                android:name="io.flutter.embedding.android.NormalTheme"
55-->src\main\AndroidManifest.xml:22:15-70
56                android:resource="@style/NormalTheme" />
56-->src\main\AndroidManifest.xml:23:15-52
57            <!--
58                 Displays an Android View that continues showing the launch screen
59                 Drawable until Flutter paints its first frame, then this splash
60                 screen fades out. A splash screen is useful to avoid any visual
61                 gap between the end of Android's launch screen and the painting of
62                 Flutter's first frame.
63            -->
64            <meta-data
64-->src\main\AndroidManifest.xml:30:13-33:17
65                android:name="io.flutter.embedding.android.SplashScreenDrawable"
65-->src\main\AndroidManifest.xml:31:15-79
66                android:resource="@drawable/launch_background" />
66-->src\main\AndroidManifest.xml:32:15-61
67
68            <intent-filter>
68-->src\main\AndroidManifest.xml:34:13-37:29
69                <action android:name="android.intent.action.MAIN" />
69-->src\main\AndroidManifest.xml:35:17-68
69-->src\main\AndroidManifest.xml:35:25-66
70
71                <category android:name="android.intent.category.LAUNCHER" />
71-->src\main\AndroidManifest.xml:36:17-76
71-->src\main\AndroidManifest.xml:36:27-74
72            </intent-filter>
73        </activity>
74        <!--
75             Don't delete the meta-data below.
76             This is used by the Flutter tool to generate GeneratedPluginRegistrant.java
77        -->
78        <meta-data
78-->src\main\AndroidManifest.xml:41:9-43:33
79            android:name="flutterEmbedding"
79-->src\main\AndroidManifest.xml:42:13-44
80            android:value="2" />
80-->src\main\AndroidManifest.xml:43:13-30
81
82        <service
82-->[:firebase_auth] AndroidManifest.xml:8:9-12:19
83            android:name="com.google.firebase.components.ComponentDiscoveryService"
83-->[:firebase_auth] AndroidManifest.xml:8:18-89
84            android:directBootAware="true"
84-->[com.google.firebase:firebase-common:20.0.0] AndroidManifest.xml:35:13-43
85            android:exported="false" >
85-->[com.google.firebase:firebase-auth:21.0.1] AndroidManifest.xml:76:13-37
86            <meta-data
86-->[:firebase_auth] AndroidManifest.xml:9:13-11:85
87                android:name="com.google.firebase.components:io.flutter.plugins.firebase.auth.FlutterFirebaseAuthRegistrar"
87-->[:firebase_auth] AndroidManifest.xml:10:17-124
88                android:value="com.google.firebase.components.ComponentRegistrar" />
88-->[:firebase_auth] AndroidManifest.xml:11:17-82
89            <meta-data
89-->[:cloud_firestore] AndroidManifest.xml:9:13-11:85
90                android:name="com.google.firebase.components:io.flutter.plugins.firebase.firestore.FlutterFirebaseFirestoreRegistrar"
90-->[:cloud_firestore] AndroidManifest.xml:10:17-134
91                android:value="com.google.firebase.components.ComponentRegistrar" />
91-->[:cloud_firestore] AndroidManifest.xml:11:17-82
92            <meta-data
92-->[:firebase_core] AndroidManifest.xml:9:13-11:85
93                android:name="com.google.firebase.components:io.flutter.plugins.firebase.core.FlutterFirebaseCoreRegistrar"
93-->[:firebase_core] AndroidManifest.xml:10:17-124
94                android:value="com.google.firebase.components.ComponentRegistrar" />
94-->[:firebase_core] AndroidManifest.xml:11:17-82
95            <meta-data
95-->[com.google.firebase:firebase-auth:21.0.1] AndroidManifest.xml:77:13-79:85
96                android:name="com.google.firebase.components:com.google.firebase.auth.FirebaseAuthRegistrar"
96-->[com.google.firebase:firebase-auth:21.0.1] AndroidManifest.xml:78:17-109
97                android:value="com.google.firebase.components.ComponentRegistrar" />
97-->[com.google.firebase:firebase-auth:21.0.1] AndroidManifest.xml:79:17-82
98            <meta-data
98-->[com.google.firebase:firebase-firestore:24.0.1] AndroidManifest.xml:20:13-22:85
99                android:name="com.google.firebase.components:com.google.firebase.firestore.FirestoreRegistrar"
99-->[com.google.firebase:firebase-firestore:24.0.1] AndroidManifest.xml:21:17-111
100                android:value="com.google.firebase.components.ComponentRegistrar" />
100-->[com.google.firebase:firebase-firestore:24.0.1] AndroidManifest.xml:22:17-82
101            <meta-data
101-->[com.google.android.gms:play-services-measurement-api:20.1.0] AndroidManifest.xml:30:13-32:85
102                android:name="com.google.firebase.components:com.google.firebase.analytics.connector.internal.AnalyticsConnectorRegistrar"
102-->[com.google.android.gms:play-services-measurement-api:20.1.0] AndroidManifest.xml:31:17-139
103                android:value="com.google.firebase.components.ComponentRegistrar" />
103-->[com.google.android.gms:play-services-measurement-api:20.1.0] AndroidManifest.xml:32:17-82
104            <meta-data
104-->[com.google.firebase:firebase-installations:17.0.0] AndroidManifest.xml:18:13-20:85
105                android:name="com.google.firebase.components:com.google.firebase.installations.FirebaseInstallationsRegistrar"
105-->[com.google.firebase:firebase-installations:17.0.0] AndroidManifest.xml:19:17-127
106                android:value="com.google.firebase.components.ComponentRegistrar" />
106-->[com.google.firebase:firebase-installations:17.0.0] AndroidManifest.xml:20:17-82
107        </service>
108
109        <activity android:name="com.shinow.qrscan.SecondActivity" />
109-->[:qrscan] AndroidManifest.xml:27:9-69
109-->[:qrscan] AndroidManifest.xml:27:19-66
110
111        <uses-library
111-->[androidx.window:window:1.0.0-beta04] AndroidManifest.xml:25:9-27:40
112            android:name="androidx.window.extensions"
112-->[androidx.window:window:1.0.0-beta04] AndroidManifest.xml:26:13-54
113            android:required="false" />
113-->[androidx.window:window:1.0.0-beta04] AndroidManifest.xml:27:13-37
114        <uses-library
114-->[androidx.window:window:1.0.0-beta04] AndroidManifest.xml:28:9-30:40
115            android:name="androidx.window.sidecar"
115-->[androidx.window:window:1.0.0-beta04] AndroidManifest.xml:29:13-51
116            android:required="false" />
116-->[androidx.window:window:1.0.0-beta04] AndroidManifest.xml:30:13-37
117
118        <activity
118-->[com.google.firebase:firebase-auth:21.0.1] AndroidManifest.xml:27:9-44:20
119            android:name="com.google.firebase.auth.internal.GenericIdpActivity"
119-->[com.google.firebase:firebase-auth:21.0.1] AndroidManifest.xml:28:13-80
120            android:excludeFromRecents="true"
120-->[com.google.firebase:firebase-auth:21.0.1] AndroidManifest.xml:29:13-46
121            android:exported="true"
121-->[com.google.firebase:firebase-auth:21.0.1] AndroidManifest.xml:30:13-36
122            android:launchMode="singleTask"
122-->[com.google.firebase:firebase-auth:21.0.1] AndroidManifest.xml:31:13-44
123            android:theme="@android:style/Theme.Translucent.NoTitleBar" >
123-->[com.google.firebase:firebase-auth:21.0.1] AndroidManifest.xml:32:13-72
124            <intent-filter>
124-->[com.google.firebase:firebase-auth:21.0.1] AndroidManifest.xml:33:13-43:29
125                <action android:name="android.intent.action.VIEW" />
125-->[com.google.firebase:firebase-auth:21.0.1] AndroidManifest.xml:34:17-69
125-->[com.google.firebase:firebase-auth:21.0.1] AndroidManifest.xml:34:25-66
126
127                <category android:name="android.intent.category.DEFAULT" />
127-->[com.google.firebase:firebase-auth:21.0.1] AndroidManifest.xml:36:17-76
127-->[com.google.firebase:firebase-auth:21.0.1] AndroidManifest.xml:36:27-73
128                <category android:name="android.intent.category.BROWSABLE" />
128-->[com.google.firebase:firebase-auth:21.0.1] AndroidManifest.xml:37:17-78
128-->[com.google.firebase:firebase-auth:21.0.1] AndroidManifest.xml:37:27-75
129
130                <data
130-->[com.google.firebase:firebase-auth:21.0.1] AndroidManifest.xml:39:17-42:51
131                    android:host="firebase.auth"
131-->[com.google.firebase:firebase-auth:21.0.1] AndroidManifest.xml:40:21-49
132                    android:path="/"
132-->[com.google.firebase:firebase-auth:21.0.1] AndroidManifest.xml:41:21-37
133                    android:scheme="genericidp" />
133-->[com.google.firebase:firebase-auth:21.0.1] AndroidManifest.xml:42:21-48
134            </intent-filter>
135        </activity>
136        <activity
136-->[com.google.firebase:firebase-auth:21.0.1] AndroidManifest.xml:45:9-62:20
137            android:name="com.google.firebase.auth.internal.RecaptchaActivity"
137-->[com.google.firebase:firebase-auth:21.0.1] AndroidManifest.xml:46:13-79
138            android:excludeFromRecents="true"
138-->[com.google.firebase:firebase-auth:21.0.1] AndroidManifest.xml:47:13-46
139            android:exported="true"
139-->[com.google.firebase:firebase-auth:21.0.1] AndroidManifest.xml:48:13-36
140            android:launchMode="singleTask"
140-->[com.google.firebase:firebase-auth:21.0.1] AndroidManifest.xml:49:13-44
141            android:theme="@android:style/Theme.Translucent.NoTitleBar" >
141-->[com.google.firebase:firebase-auth:21.0.1] AndroidManifest.xml:50:13-72
142            <intent-filter>
142-->[com.google.firebase:firebase-auth:21.0.1] AndroidManifest.xml:51:13-61:29
143                <action android:name="android.intent.action.VIEW" />
143-->[com.google.firebase:firebase-auth:21.0.1] AndroidManifest.xml:34:17-69
143-->[com.google.firebase:firebase-auth:21.0.1] AndroidManifest.xml:34:25-66
144
145                <category android:name="android.intent.category.DEFAULT" />
145-->[com.google.firebase:firebase-auth:21.0.1] AndroidManifest.xml:36:17-76
145-->[com.google.firebase:firebase-auth:21.0.1] AndroidManifest.xml:36:27-73
146                <category android:name="android.intent.category.BROWSABLE" />
146-->[com.google.firebase:firebase-auth:21.0.1] AndroidManifest.xml:37:17-78
146-->[com.google.firebase:firebase-auth:21.0.1] AndroidManifest.xml:37:27-75
147
148                <data
148-->[com.google.firebase:firebase-auth:21.0.1] AndroidManifest.xml:39:17-42:51
149                    android:host="firebase.auth"
149-->[com.google.firebase:firebase-auth:21.0.1] AndroidManifest.xml:40:21-49
150                    android:path="/"
150-->[com.google.firebase:firebase-auth:21.0.1] AndroidManifest.xml:41:21-37
151                    android:scheme="recaptcha" />
151-->[com.google.firebase:firebase-auth:21.0.1] AndroidManifest.xml:42:21-48
152            </intent-filter>
153        </activity>
154
155        <service
155-->[com.google.firebase:firebase-auth:21.0.1] AndroidManifest.xml:64:9-73:19
156            android:name="com.google.firebase.auth.api.fallback.service.FirebaseAuthFallbackService"
156-->[com.google.firebase:firebase-auth:21.0.1] AndroidManifest.xml:65:13-101
157            android:enabled="true"
157-->[com.google.firebase:firebase-auth:21.0.1] AndroidManifest.xml:66:13-35
158            android:exported="false" >
158-->[com.google.firebase:firebase-auth:21.0.1] AndroidManifest.xml:67:13-37
159            <intent-filter>
159-->[com.google.firebase:firebase-auth:21.0.1] AndroidManifest.xml:68:13-72:29
160                <action android:name="com.google.firebase.auth.api.gms.service.START" />
160-->[com.google.firebase:firebase-auth:21.0.1] AndroidManifest.xml:69:17-89
160-->[com.google.firebase:firebase-auth:21.0.1] AndroidManifest.xml:69:25-86
161
162                <category android:name="android.intent.category.DEFAULT" />
162-->[com.google.firebase:firebase-auth:21.0.1] AndroidManifest.xml:36:17-76
162-->[com.google.firebase:firebase-auth:21.0.1] AndroidManifest.xml:36:27-73
163            </intent-filter>
164        </service>
165
166        <provider
166-->[com.google.firebase:firebase-common:20.0.0] AndroidManifest.xml:26:9-31:39
167            android:name="com.google.firebase.provider.FirebaseInitProvider"
167-->[com.google.firebase:firebase-common:20.0.0] AndroidManifest.xml:27:13-77
168            android:authorities="com.example.email_password_login.firebaseinitprovider"
168-->[com.google.firebase:firebase-common:20.0.0] AndroidManifest.xml:28:13-72
169            android:directBootAware="true"
169-->[com.google.firebase:firebase-common:20.0.0] AndroidManifest.xml:29:13-43
170            android:exported="false"
170-->[com.google.firebase:firebase-common:20.0.0] AndroidManifest.xml:30:13-37
171            android:initOrder="100" />
171-->[com.google.firebase:firebase-common:20.0.0] AndroidManifest.xml:31:13-36
172        <provider
172-->[com.squareup.picasso:picasso:2.71828] AndroidManifest.xml:8:9-11:40
173            android:name="com.squareup.picasso.PicassoProvider"
173-->[com.squareup.picasso:picasso:2.71828] AndroidManifest.xml:9:13-64
174            android:authorities="com.example.email_password_login.com.squareup.picasso"
174-->[com.squareup.picasso:picasso:2.71828] AndroidManifest.xml:10:13-72
175            android:exported="false" />
175-->[com.squareup.picasso:picasso:2.71828] AndroidManifest.xml:11:13-37
176
177        <activity
177-->[com.github.leyan95:android-zxingLibrary:0.1.2-PRE] AndroidManifest.xml:14:9-19:63
178            android:name="com.uuzuche.lib_zxing.activity.CaptureActivity"
178-->[com.github.leyan95:android-zxingLibrary:0.1.2-PRE] AndroidManifest.xml:15:13-74
179            android:configChanges="orientation|keyboardHidden"
179-->[com.github.leyan95:android-zxingLibrary:0.1.2-PRE] AndroidManifest.xml:16:13-63
180            android:screenOrientation="portrait"
180-->[com.github.leyan95:android-zxingLibrary:0.1.2-PRE] AndroidManifest.xml:17:13-49
181            android:theme="@style/Theme.AppCompat.NoActionBar"
181-->[com.github.leyan95:android-zxingLibrary:0.1.2-PRE] AndroidManifest.xml:18:13-63
182            android:windowSoftInputMode="stateAlwaysHidden" />
182-->[com.github.leyan95:android-zxingLibrary:0.1.2-PRE] AndroidManifest.xml:19:13-60
183        <activity
183-->[com.google.android.gms:play-services-base:17.1.0] AndroidManifest.xml:23:9-26:75
184            android:name="com.google.android.gms.common.api.GoogleApiActivity"
184-->[com.google.android.gms:play-services-base:17.1.0] AndroidManifest.xml:24:13-79
185            android:exported="false"
185-->[com.google.android.gms:play-services-base:17.1.0] AndroidManifest.xml:25:13-37
186            android:theme="@android:style/Theme.Translucent.NoTitleBar" />
186-->[com.google.android.gms:play-services-base:17.1.0] AndroidManifest.xml:26:13-72
187
188        <receiver
188-->[com.google.android.gms:play-services-measurement:20.1.0] AndroidManifest.xml:29:9-33:20
189            android:name="com.google.android.gms.measurement.AppMeasurementReceiver"
189-->[com.google.android.gms:play-services-measurement:20.1.0] AndroidManifest.xml:30:13-85
190            android:enabled="true"
190-->[com.google.android.gms:play-services-measurement:20.1.0] AndroidManifest.xml:31:13-35
191            android:exported="false" >
191-->[com.google.android.gms:play-services-measurement:20.1.0] AndroidManifest.xml:32:13-37
192        </receiver>
193
194        <service
194-->[com.google.android.gms:play-services-measurement:20.1.0] AndroidManifest.xml:35:9-38:40
195            android:name="com.google.android.gms.measurement.AppMeasurementService"
195-->[com.google.android.gms:play-services-measurement:20.1.0] AndroidManifest.xml:36:13-84
196            android:enabled="true"
196-->[com.google.android.gms:play-services-measurement:20.1.0] AndroidManifest.xml:37:13-35
197            android:exported="false" />
197-->[com.google.android.gms:play-services-measurement:20.1.0] AndroidManifest.xml:38:13-37
198        <service
198-->[com.google.android.gms:play-services-measurement:20.1.0] AndroidManifest.xml:39:9-43:72
199            android:name="com.google.android.gms.measurement.AppMeasurementJobService"
199-->[com.google.android.gms:play-services-measurement:20.1.0] AndroidManifest.xml:40:13-87
200            android:enabled="true"
200-->[com.google.android.gms:play-services-measurement:20.1.0] AndroidManifest.xml:41:13-35
201            android:exported="false"
201-->[com.google.android.gms:play-services-measurement:20.1.0] AndroidManifest.xml:42:13-37
202            android:permission="android.permission.BIND_JOB_SERVICE" />
202-->[com.google.android.gms:play-services-measurement:20.1.0] AndroidManifest.xml:43:13-69
203
204        <meta-data
204-->[com.google.android.gms:play-services-basement:18.0.0] AndroidManifest.xml:21:9-23:69
205            android:name="com.google.android.gms.version"
205-->[com.google.android.gms:play-services-basement:18.0.0] AndroidManifest.xml:22:13-58
206            android:value="@integer/google_play_services_version" />
206-->[com.google.android.gms:play-services-basement:18.0.0] AndroidManifest.xml:23:13-66
207    </application>
208
209</manifest>